[ INFO  ] - [  c.h.u.STOSAutomationSuite:50  ] - [ 2020-04-29 15:26:51 ] - Starting STOSAutomationSuite on LP-5CD809BB4K with PID 5076 (C:\Workspace\eclipse-workspace\stos\target\classes started by intakhabalam.s in C:\Workspace\eclipse-workspace\stos)
[ INFO  ] - [  c.h.u.STOSAutomationSuite:648  ] - [ 2020-04-29 15:26:51 ] - No active profile set, falling back to default profiles: default
[ INFO  ] - [  o.s.b.d.e.DevToolsPropertyDefaultsPostProcessor:225  ] - [ 2020-04-29 15:26:52 ] - Devtools property defaults active! Set 'spring.devtools.add-properties' to 'false' to disable
[ INFO  ] - [  o.s.b.d.e.DevToolsPropertyDefaultsPostProcessor:225  ] - [ 2020-04-29 15:26:52 ] - For additional web related logging consider setting the 'logging.level.web' property to 'DEBUG'
[ INFO  ] - [  o.s.d.r.c.RepositoryConfigurationDelegate:127  ] - [ 2020-04-29 15:26:59 ] - Bootstrapping Spring Data JPA repositories in DEFAULT mode.
[ INFO  ] - [  o.s.d.r.c.RepositoryConfigurationDelegate:185  ] - [ 2020-04-29 15:26:59 ] - Finished Spring Data repository scanning in 335ms. Found 5 JPA repository interfaces.
[ INFO  ] - [  o.s.c.s.PostProcessorRegistrationDelegate$BeanPostProcessorChecker:330  ] - [ 2020-04-29 15:27:01 ] - Bean 'org.springframework.transaction.annotation.ProxyTransactionManagementConfiguration' of type [org.springframework.transaction.annotation.ProxyTransactionManagementConfiguration$$EnhancerBySpringCGLIB$$fa3e9fc] is not eligible for getting processed by all BeanPostProcessors (for example: not eligible for auto-proxying)
[ INFO  ] - [  o.s.c.s.PostProcessorRegistrationDelegate$BeanPostProcessorChecker:330  ] - [ 2020-04-29 15:27:01 ] - Bean 'org.springframework.hateoas.config.HateoasConfiguration' of type [org.springframework.hateoas.config.HateoasConfiguration$$EnhancerBySpringCGLIB$$8f24372e] is not eligible for getting processed by all BeanPostProcessors (for example: not eligible for auto-proxying)
[ INFO  ] - [  o.s.b.w.e.t.TomcatWebServer:90  ] - [ 2020-04-29 15:27:03 ] - Tomcat initialized with port(s): 6100 (http)
[ INFO  ] - [  o.a.c.c.StandardService:173  ] - [ 2020-04-29 15:27:04 ] - Starting service [Tomcat]
[ INFO  ] - [  o.a.c.c.StandardEngine:173  ] - [ 2020-04-29 15:27:04 ] - Starting Servlet engine: [Apache Tomcat/9.0.29]
[ INFO  ] - [  o.a.j.s.TldScanner:173  ] - [ 2020-04-29 15:27:06 ] - At least one JAR was scanned for TLDs yet contained no TLDs. Enable debug logging for this logger for a complete list of JARs that were scanned but no TLDs were found in them. Skipping unneeded JARs during scanning can improve startup time and JSP compilation time.
[ INFO  ] - [  o.a.c.c.C.[.[.[/]:173  ] - [ 2020-04-29 15:27:06 ] - Initializing Spring embedded WebApplicationContext
[ INFO  ] - [  o.s.w.c.ContextLoader:284  ] - [ 2020-04-29 15:27:06 ] - Root WebApplicationContext: initialization completed in 14069 ms
[ INFO  ] - [  c.z.h.HikariDataSource:110  ] - [ 2020-04-29 15:27:07 ] - HikariPool-1 - Starting...
[ INFO  ] - [  c.z.h.HikariDataSource:123  ] - [ 2020-04-29 15:27:08 ] - HikariPool-1 - Start completed.
[ INFO  ] - [  o.h.j.i.u.LogHelper:31  ] - [ 2020-04-29 15:27:08 ] - HHH000204: Processing PersistenceUnitInfo [
	name: default
	...]
[ INFO  ] - [  o.h.Version:46  ] - [ 2020-04-29 15:27:08 ] - HHH000412: Hibernate Core {5.3.14.Final}
[ INFO  ] - [  o.h.c.Environment:213  ] - [ 2020-04-29 15:27:08 ] - HHH000206: hibernate.properties not found
[ WARN  ] - [  o.h.o.deprecation:58  ] - [ 2020-04-29 15:27:09 ] - HHH020100: The Ehcache second-level cache provider for Hibernate is deprecated.  See https://hibernate.atlassian.net/browse/HHH-12441 for details.
[ INFO  ] - [  o.h.a.c.Version:49  ] - [ 2020-04-29 15:27:09 ] - HCANN000001: Hibernate Commons Annotations {5.0.4.Final}
[ INFO  ] - [  o.h.d.Dialect:157  ] - [ 2020-04-29 15:27:10 ] - HHH000400: Using dialect: org.hibernate.dialect.H2Dialect
[ WARN  ] - [  n.s.e.c.ConfigurationFactory:136  ] - [ 2020-04-29 15:27:11 ] - No configuration found. Configuring ehcache from ehcache-failsafe.xml  found in the classpath: jar:file:/C:/Users/intakhabalam.s/.m2/repository/net/sf/ehcache/ehcache/2.10.6/ehcache-2.10.6.jar!/ehcache-failsafe.xml
[ WARN  ] - [  o.h.o.cache:153  ] - [ 2020-04-29 15:27:11 ] - HHH90001006: Missing cache[default-update-timestamps-region] was created on-the-fly. The created cache will use a provider-specific default configuration: make sure you defined one. You can disable this warning by setting 'hibernate.cache.ehcache.missing_cache_strategy' to 'create'.
[ WARN  ] - [  o.h.o.cache:153  ] - [ 2020-04-29 15:27:12 ] - HHH90001006: Missing cache[default-query-results-region] was created on-the-fly. The created cache will use a provider-specific default configuration: make sure you defined one. You can disable this warning by setting 'hibernate.cache.ehcache.missing_cache_strategy' to 'create'.
[ WARN  ] - [  o.h.o.cache:153  ] - [ 2020-04-29 15:27:12 ] - HHH90001006: Missing cache[com.hcl.usf.domain.ReportsTC] was created on-the-fly. The created cache will use a provider-specific default configuration: make sure you defined one. You can disable this warning by setting 'hibernate.cache.ehcache.missing_cache_strategy' to 'create'.
[ WARN  ] - [  o.h.o.cache:153  ] - [ 2020-04-29 15:27:12 ] - HHH90001006: Missing cache[com.hcl.usf.domain.RegisterTC] was created on-the-fly. The created cache will use a provider-specific default configuration: make sure you defined one. You can disable this warning by setting 'hibernate.cache.ehcache.missing_cache_strategy' to 'create'.
[ WARN  ] - [  o.h.o.cache:153  ] - [ 2020-04-29 15:27:12 ] - HHH90001006: Missing cache[com.hcl.usf.domain.TCSettings] was created on-the-fly. The created cache will use a provider-specific default configuration: make sure you defined one. You can disable this warning by setting 'hibernate.cache.ehcache.missing_cache_strategy' to 'create'.
[ WARN  ] - [  o.h.o.cache:153  ] - [ 2020-04-29 15:27:12 ] - HHH90001006: Missing cache[com.hcl.usf.domain.GroupSuite] was created on-the-fly. The created cache will use a provider-specific default configuration: make sure you defined one. You can disable this warning by setting 'hibernate.cache.ehcache.missing_cache_strategy' to 'create'.
[ WARN  ] - [  o.h.o.cache:153  ] - [ 2020-04-29 15:27:12 ] - HHH90001006: Missing cache[com.hcl.usf.domain.User] was created on-the-fly. The created cache will use a provider-specific default configuration: make sure you defined one. You can disable this warning by setting 'hibernate.cache.ehcache.missing_cache_strategy' to 'create'.
[ WARN  ] - [  o.h.o.cache:153  ] - [ 2020-04-29 15:27:12 ] - HHH90001006: Missing cache[com.hcl.usf.domain.GroupSuiteTC] was created on-the-fly. The created cache will use a provider-specific default configuration: make sure you defined one. You can disable this warning by setting 'hibernate.cache.ehcache.missing_cache_strategy' to 'create'.
[ INFO  ] - [  o.s.o.j.LocalContainerEntityManagerFactoryBean:416  ] - [ 2020-04-29 15:27:14 ] - Initialized JPA EntityManagerFactory for persistence unit 'default'
[ INFO  ] - [  o.s.b.d.a.OptionalLiveReloadServer:57  ] - [ 2020-04-29 15:27:14 ] - LiveReload server is running on port 35729
[ INFO  ] - [  o.h.h.i.QueryTranslatorFactoryInitiator:47  ] - [ 2020-04-29 15:27:15 ] - HHH000397: Using ASTQueryTranslatorFactory
[ WARN  ] - [  o.s.b.a.o.j.JpaBaseConfiguration$JpaWebConfiguration$JpaWebMvcConfiguration:226  ] - [ 2020-04-29 15:27:18 ] - spring.jpa.open-in-view is enabled by default. Therefore, database queries may be performed during view rendering. Explicitly configure spring.jpa.open-in-view to disable this warning
[ INFO  ] - [  s.d.s.w.PropertySourcedRequestMappingHandlerMapping:69  ] - [ 2020-04-29 15:27:19 ] - Mapped URL path [/v2/api-docs] onto method [public org.springframework.http.ResponseEntity<springfox.documentation.spring.web.json.Json> springfox.documentation.swagger2.web.Swagger2Controller.getDocumentation(java.lang.String,javax.servlet.http.HttpServletRequest)]
[ INFO  ] - [  o.s.s.c.ThreadPoolTaskExecutor:171  ] - [ 2020-04-29 15:27:19 ] - Initializing ExecutorService 'applicationTaskExecutor'
[ WARN  ] - [  o.s.b.a.f.FreeMarkerAutoConfiguration:67  ] - [ 2020-04-29 15:27:21 ] - Cannot find template location(s): [classpath:/templates/] (please add some templates, check your FreeMarker configuration, or set spring.freemarker.checkTemplateLocation=false)
[ INFO  ] - [  o.q.i.StdSchedulerFactory:1220  ] - [ 2020-04-29 15:27:21 ] - Using default implementation for ThreadExecutor
[ INFO  ] - [  o.q.c.SchedulerSignalerImpl:61  ] - [ 2020-04-29 15:27:22 ] - Initialized Scheduler Signaller of type: class org.quartz.core.SchedulerSignalerImpl
[ INFO  ] - [  o.q.c.QuartzScheduler:229  ] - [ 2020-04-29 15:27:22 ] - Quartz Scheduler v.2.3.2 created.
[ INFO  ] - [  o.q.s.RAMJobStore:155  ] - [ 2020-04-29 15:27:22 ] - RAMJobStore initialized.
[ INFO  ] - [  o.q.c.QuartzScheduler:294  ] - [ 2020-04-29 15:27:22 ] - Scheduler meta-data: Quartz Scheduler (v2.3.2) 'quartzScheduler' with instanceId 'NON_CLUSTERED'
  Scheduler class: 'org.quartz.core.QuartzScheduler' - running locally.
  NOT STARTED.
  Currently in standby mode.
  Number of jobs executed: 0
  Using thread pool 'org.quartz.simpl.SimpleThreadPool' - with 10 threads.
  Using job-store 'org.quartz.simpl.RAMJobStore' - which does not support persistence. and is not clustered.

[ INFO  ] - [  o.q.i.StdSchedulerFactory:1374  ] - [ 2020-04-29 15:27:22 ] - Quartz scheduler 'quartzScheduler' initialized from an externally provided properties instance.
[ INFO  ] - [  o.q.i.StdSchedulerFactory:1378  ] - [ 2020-04-29 15:27:22 ] - Quartz scheduler version: 2.3.2
[ INFO  ] - [  o.q.c.QuartzScheduler:2293  ] - [ 2020-04-29 15:27:22 ] - JobFactory set to: org.springframework.scheduling.quartz.SpringBeanJobFactory@23d08247
[ INFO  ] - [  o.s.s.c.ThreadPoolTaskScheduler:171  ] - [ 2020-04-29 15:27:22 ] - Initializing ExecutorService 'taskScheduler'
[ INFO  ] - [  s.d.s.w.p.DocumentationPluginsBootstrapper:160  ] - [ 2020-04-29 15:27:22 ] - Context refreshed
[ INFO  ] - [  s.d.s.w.p.DocumentationPluginsBootstrapper:163  ] - [ 2020-04-29 15:27:22 ] - Found 1 custom documentation plugin(s)
[ INFO  ] - [  s.d.s.w.s.ApiListingReferenceScanner:41  ] - [ 2020-04-29 15:27:22 ] - Scanning for api listing references
[ INFO  ] - [  o.s.s.q.SchedulerFactoryBean:727  ] - [ 2020-04-29 15:27:23 ] - Starting Quartz Scheduler now
[ INFO  ] - [  o.q.c.QuartzScheduler:547  ] - [ 2020-04-29 15:27:23 ] - Scheduler quartzScheduler_$_NON_CLUSTERED started.
[ INFO  ] - [  o.s.b.w.e.t.TomcatWebServer:202  ] - [ 2020-04-29 15:27:23 ] - Tomcat started on port(s): 6100 (http) with context path ''
[ INFO  ] - [  c.h.u.STOSAutomationSuite:59  ] - [ 2020-04-29 15:27:23 ] - Started STOSAutomationSuite in 50.306 seconds (JVM running for 65.719)
[ INFO  ] - [  o.a.c.c.C.[.[.[/]:173  ] - [ 2020-04-29 15:27:23 ] - Initializing Spring DispatcherServlet 'dispatcherServlet'
[ INFO  ] - [  o.s.w.s.DispatcherServlet:525  ] - [ 2020-04-29 15:27:23 ] - Initializing Servlet 'dispatcherServlet'
[ INFO  ] - [  o.s.w.s.DispatcherServlet:547  ] - [ 2020-04-29 15:27:24 ] - Completed initialization in 82 ms
[ INFO  ] - [  o.q.c.QuartzScheduler:585  ] - [ 2020-04-29 15:33:45 ] - Scheduler quartzScheduler_$_NON_CLUSTERED paused.
[ INFO  ] - [  o.s.s.c.ThreadPoolTaskScheduler:208  ] - [ 2020-04-29 15:33:45 ] - Shutting down ExecutorService 'taskScheduler'
[ INFO  ] - [  o.s.s.q.SchedulerFactoryBean:845  ] - [ 2020-04-29 15:33:45 ] - Shutting down Quartz Scheduler
[ INFO  ] - [  o.q.c.QuartzScheduler:666  ] - [ 2020-04-29 15:33:45 ] - Scheduler quartzScheduler_$_NON_CLUSTERED shutting down.
[ INFO  ] - [  o.q.c.QuartzScheduler:585  ] - [ 2020-04-29 15:33:45 ] - Scheduler quartzScheduler_$_NON_CLUSTERED paused.
[ INFO  ] - [  o.q.c.QuartzScheduler:740  ] - [ 2020-04-29 15:33:45 ] - Scheduler quartzScheduler_$_NON_CLUSTERED shutdown complete.
[ INFO  ] - [  o.s.s.c.ThreadPoolTaskExecutor:208  ] - [ 2020-04-29 15:33:45 ] - Shutting down ExecutorService 'applicationTaskExecutor'
[ INFO  ] - [  o.s.o.j.LocalContainerEntityManagerFactoryBean:598  ] - [ 2020-04-29 15:33:45 ] - Closing JPA EntityManagerFactory for persistence unit 'default'
[ INFO  ] - [  c.z.h.HikariDataSource:350  ] - [ 2020-04-29 15:33:45 ] - HikariPool-1 - Shutdown initiated...
[ INFO  ] - [  c.z.h.HikariDataSource:352  ] - [ 2020-04-29 15:33:46 ] - HikariPool-1 - Shutdown completed.
[ INFO  ] - [  c.h.u.STOSAutomationSuite:50  ] - [ 2020-04-29 15:33:47 ] - Starting STOSAutomationSuite on LP-5CD809BB4K with PID 5076 (C:\Workspace\eclipse-workspace\stos\target\classes started by intakhabalam.s in C:\Workspace\eclipse-workspace\stos)
[ INFO  ] - [  c.h.u.STOSAutomationSuite:648  ] - [ 2020-04-29 15:33:47 ] - No active profile set, falling back to default profiles: default
[ INFO  ] - [  o.s.d.r.c.RepositoryConfigurationDelegate:127  ] - [ 2020-04-29 15:33:56 ] - Bootstrapping Spring Data JPA repositories in DEFAULT mode.
[ INFO  ] - [  o.s.d.r.c.RepositoryConfigurationDelegate:185  ] - [ 2020-04-29 15:33:56 ] - Finished Spring Data repository scanning in 333ms. Found 5 JPA repository interfaces.
[ INFO  ] - [  o.s.c.s.PostProcessorRegistrationDelegate$BeanPostProcessorChecker:330  ] - [ 2020-04-29 15:33:57 ] - Bean 'org.springframework.transaction.annotation.ProxyTransactionManagementConfiguration' of type [org.springframework.transaction.annotation.ProxyTransactionManagementConfiguration$$EnhancerBySpringCGLIB$$fa3e9fc] is not eligible for getting processed by all BeanPostProcessors (for example: not eligible for auto-proxying)
[ INFO  ] - [  o.s.c.s.PostProcessorRegistrationDelegate$BeanPostProcessorChecker:330  ] - [ 2020-04-29 15:33:57 ] - Bean 'org.springframework.hateoas.config.HateoasConfiguration' of type [org.springframework.hateoas.config.HateoasConfiguration$$EnhancerBySpringCGLIB$$8f24372e] is not eligible for getting processed by all BeanPostProcessors (for example: not eligible for auto-proxying)
[ INFO  ] - [  o.s.b.w.e.t.TomcatWebServer:90  ] - [ 2020-04-29 15:33:59 ] - Tomcat initialized with port(s): 6100 (http)
[ INFO  ] - [  o.a.c.c.StandardService:173  ] - [ 2020-04-29 15:33:59 ] - Starting service [Tomcat]
[ INFO  ] - [  o.a.c.c.StandardEngine:173  ] - [ 2020-04-29 15:33:59 ] - Starting Servlet engine: [Apache Tomcat/9.0.29]
[ INFO  ] - [  o.a.j.s.TldScanner:173  ] - [ 2020-04-29 15:34:00 ] - At least one JAR was scanned for TLDs yet contained no TLDs. Enable debug logging for this logger for a complete list of JARs that were scanned but no TLDs were found in them. Skipping unneeded JARs during scanning can improve startup time and JSP compilation time.
[ INFO  ] - [  o.a.c.c.C.[.[.[/]:173  ] - [ 2020-04-29 15:34:00 ] - Initializing Spring embedded WebApplicationContext
[ INFO  ] - [  o.s.w.c.ContextLoader:284  ] - [ 2020-04-29 15:34:00 ] - Root WebApplicationContext: initialization completed in 12940 ms
[ INFO  ] - [  c.z.h.HikariDataSource:110  ] - [ 2020-04-29 15:34:00 ] - HikariPool-2 - Starting...
[ INFO  ] - [  c.z.h.HikariDataSource:123  ] - [ 2020-04-29 15:34:00 ] - HikariPool-2 - Start completed.
[ INFO  ] - [  o.h.j.i.u.LogHelper:31  ] - [ 2020-04-29 15:34:00 ] - HHH000204: Processing PersistenceUnitInfo [
	name: default
	...]
[ WARN  ] - [  o.h.o.deprecation:58  ] - [ 2020-04-29 15:34:00 ] - HHH020100: The Ehcache second-level cache provider for Hibernate is deprecated.  See https://hibernate.atlassian.net/browse/HHH-12441 for details.
[ INFO  ] - [  o.h.d.Dialect:157  ] - [ 2020-04-29 15:34:00 ] - HHH000400: Using dialect: org.hibernate.dialect.H2Dialect
[ WARN  ] - [  n.s.e.c.ConfigurationFactory:136  ] - [ 2020-04-29 15:34:01 ] - No configuration found. Configuring ehcache from ehcache-failsafe.xml  found in the classpath: jar:file:/C:/Users/intakhabalam.s/.m2/repository/net/sf/ehcache/ehcache/2.10.6/ehcache-2.10.6.jar!/ehcache-failsafe.xml
[ WARN  ] - [  o.h.o.cache:153  ] - [ 2020-04-29 15:34:01 ] - HHH90001006: Missing cache[default-update-timestamps-region] was created on-the-fly. The created cache will use a provider-specific default configuration: make sure you defined one. You can disable this warning by setting 'hibernate.cache.ehcache.missing_cache_strategy' to 'create'.
[ WARN  ] - [  o.h.o.cache:153  ] - [ 2020-04-29 15:34:01 ] - HHH90001006: Missing cache[default-query-results-region] was created on-the-fly. The created cache will use a provider-specific default configuration: make sure you defined one. You can disable this warning by setting 'hibernate.cache.ehcache.missing_cache_strategy' to 'create'.
[ WARN  ] - [  o.h.o.cache:153  ] - [ 2020-04-29 15:34:01 ] - HHH90001006: Missing cache[com.hcl.usf.domain.ReportsTC] was created on-the-fly. The created cache will use a provider-specific default configuration: make sure you defined one. You can disable this warning by setting 'hibernate.cache.ehcache.missing_cache_strategy' to 'create'.
[ WARN  ] - [  o.h.o.cache:153  ] - [ 2020-04-29 15:34:01 ] - HHH90001006: Missing cache[com.hcl.usf.domain.RegisterTC] was created on-the-fly. The created cache will use a provider-specific default configuration: make sure you defined one. You can disable this warning by setting 'hibernate.cache.ehcache.missing_cache_strategy' to 'create'.
[ WARN  ] - [  o.h.o.cache:153  ] - [ 2020-04-29 15:34:01 ] - HHH90001006: Missing cache[com.hcl.usf.domain.GroupSuite] was created on-the-fly. The created cache will use a provider-specific default configuration: make sure you defined one. You can disable this warning by setting 'hibernate.cache.ehcache.missing_cache_strategy' to 'create'.
[ WARN  ] - [  o.h.o.cache:153  ] - [ 2020-04-29 15:34:01 ] - HHH90001006: Missing cache[com.hcl.usf.domain.GroupSuiteTC] was created on-the-fly. The created cache will use a provider-specific default configuration: make sure you defined one. You can disable this warning by setting 'hibernate.cache.ehcache.missing_cache_strategy' to 'create'.
[ WARN  ] - [  o.h.o.cache:153  ] - [ 2020-04-29 15:34:01 ] - HHH90001006: Missing cache[com.hcl.usf.domain.User] was created on-the-fly. The created cache will use a provider-specific default configuration: make sure you defined one. You can disable this warning by setting 'hibernate.cache.ehcache.missing_cache_strategy' to 'create'.
[ WARN  ] - [  o.h.o.cache:153  ] - [ 2020-04-29 15:34:01 ] - HHH90001006: Missing cache[com.hcl.usf.domain.TCSettings] was created on-the-fly. The created cache will use a provider-specific default configuration: make sure you defined one. You can disable this warning by setting 'hibernate.cache.ehcache.missing_cache_strategy' to 'create'.
[ INFO  ] - [  o.s.o.j.LocalContainerEntityManagerFactoryBean:416  ] - [ 2020-04-29 15:34:01 ] - Initialized JPA EntityManagerFactory for persistence unit 'default'
[ INFO  ] - [  o.s.b.d.a.OptionalLiveReloadServer:57  ] - [ 2020-04-29 15:34:01 ] - LiveReload server is running on port 35729
[ INFO  ] - [  o.h.h.i.QueryTranslatorFactoryInitiator:47  ] - [ 2020-04-29 15:34:01 ] - HHH000397: Using ASTQueryTranslatorFactory
[ WARN  ] - [  o.s.b.a.o.j.JpaBaseConfiguration$JpaWebConfiguration$JpaWebMvcConfiguration:226  ] - [ 2020-04-29 15:34:02 ] - spring.jpa.open-in-view is enabled by default. Therefore, database queries may be performed during view rendering. Explicitly configure spring.jpa.open-in-view to disable this warning
[ INFO  ] - [  s.d.s.w.PropertySourcedRequestMappingHandlerMapping:69  ] - [ 2020-04-29 15:34:02 ] - Mapped URL path [/v2/api-docs] onto method [public org.springframework.http.ResponseEntity<springfox.documentation.spring.web.json.Json> springfox.documentation.swagger2.web.Swagger2Controller.getDocumentation(java.lang.String,javax.servlet.http.HttpServletRequest)]
[ INFO  ] - [  o.s.s.c.ThreadPoolTaskExecutor:171  ] - [ 2020-04-29 15:34:02 ] - Initializing ExecutorService 'applicationTaskExecutor'
[ WARN  ] - [  o.s.b.a.f.FreeMarkerAutoConfiguration:67  ] - [ 2020-04-29 15:34:02 ] - Cannot find template location(s): [classpath:/templates/] (please add some templates, check your FreeMarker configuration, or set spring.freemarker.checkTemplateLocation=false)
[ INFO  ] - [  o.q.i.StdSchedulerFactory:1220  ] - [ 2020-04-29 15:34:03 ] - Using default implementation for ThreadExecutor
[ INFO  ] - [  o.q.c.SchedulerSignalerImpl:61  ] - [ 2020-04-29 15:34:03 ] - Initialized Scheduler Signaller of type: class org.quartz.core.SchedulerSignalerImpl
[ INFO  ] - [  o.q.c.QuartzScheduler:229  ] - [ 2020-04-29 15:34:03 ] - Quartz Scheduler v.2.3.2 created.
[ INFO  ] - [  o.q.s.RAMJobStore:155  ] - [ 2020-04-29 15:34:03 ] - RAMJobStore initialized.
[ INFO  ] - [  o.q.c.QuartzScheduler:294  ] - [ 2020-04-29 15:34:03 ] - Scheduler meta-data: Quartz Scheduler (v2.3.2) 'quartzScheduler' with instanceId 'NON_CLUSTERED'
  Scheduler class: 'org.quartz.core.QuartzScheduler' - running locally.
  NOT STARTED.
  Currently in standby mode.
  Number of jobs executed: 0
  Using thread pool 'org.quartz.simpl.SimpleThreadPool' - with 10 threads.
  Using job-store 'org.quartz.simpl.RAMJobStore' - which does not support persistence. and is not clustered.

[ INFO  ] - [  o.q.i.StdSchedulerFactory:1374  ] - [ 2020-04-29 15:34:03 ] - Quartz scheduler 'quartzScheduler' initialized from an externally provided properties instance.
[ INFO  ] - [  o.q.i.StdSchedulerFactory:1378  ] - [ 2020-04-29 15:34:03 ] - Quartz scheduler version: 2.3.2
[ INFO  ] - [  o.q.c.QuartzScheduler:2293  ] - [ 2020-04-29 15:34:03 ] - JobFactory set to: org.springframework.scheduling.quartz.SpringBeanJobFactory@4a2184ab
[ INFO  ] - [  o.s.s.c.ThreadPoolTaskScheduler:171  ] - [ 2020-04-29 15:34:03 ] - Initializing ExecutorService 'taskScheduler'
[ INFO  ] - [  s.d.s.w.p.DocumentationPluginsBootstrapper:160  ] - [ 2020-04-29 15:34:03 ] - Context refreshed
[ INFO  ] - [  s.d.s.w.p.DocumentationPluginsBootstrapper:163  ] - [ 2020-04-29 15:34:03 ] - Found 1 custom documentation plugin(s)
[ INFO  ] - [  s.d.s.w.s.ApiListingReferenceScanner:41  ] - [ 2020-04-29 15:34:03 ] - Scanning for api listing references
[ INFO  ] - [  o.s.s.q.SchedulerFactoryBean:727  ] - [ 2020-04-29 15:34:03 ] - Starting Quartz Scheduler now
[ INFO  ] - [  o.q.c.QuartzScheduler:547  ] - [ 2020-04-29 15:34:03 ] - Scheduler quartzScheduler_$_NON_CLUSTERED started.
[ INFO  ] - [  o.s.b.w.e.t.TomcatWebServer:202  ] - [ 2020-04-29 15:34:03 ] - Tomcat started on port(s): 6100 (http) with context path ''
[ INFO  ] - [  c.h.u.STOSAutomationSuite:59  ] - [ 2020-04-29 15:34:03 ] - Started STOSAutomationSuite in 16.37 seconds (JVM running for 465.629)
[ INFO  ] - [  o.s.b.d.a.ConditionEvaluationDeltaLoggingListener:63  ] - [ 2020-04-29 15:34:03 ] - Condition evaluation unchanged
[ INFO  ] - [  o.a.c.c.C.[.[.[/]:173  ] - [ 2020-04-29 15:34:03 ] - Initializing Spring DispatcherServlet 'dispatcherServlet'
[ INFO  ] - [  o.s.w.s.DispatcherServlet:525  ] - [ 2020-04-29 15:34:03 ] - Initializing Servlet 'dispatcherServlet'
[ INFO  ] - [  o.s.w.s.DispatcherServlet:547  ] - [ 2020-04-29 15:34:03 ] - Completed initialization in 10 ms
[ INFO  ] - [  DataUtils:43  ] - [ 2020-04-29 15:37:18 ] - StosData loading...
[ INFO  ] - [  DataUtils:57  ] - [ 2020-04-29 15:37:18 ] - PromotionsBussiness
[ INFO  ] - [  DataUtils:57  ] - [ 2020-04-29 15:37:18 ] - CCALMAMigartionTest
[ INFO  ] - [  DataUtils:57  ] - [ 2020-04-29 15:37:18 ] - DisplaySuggestedSell
[ INFO  ] - [  DataUtils:57  ] - [ 2020-04-29 15:37:18 ] - DisplayForceListUpdate
[ INFO  ] - [  DataUtils:57  ] - [ 2020-04-29 15:37:18 ] - CCAPageValidation
[ INFO  ] - [  DataUtils:57  ] - [ 2020-04-29 15:37:18 ] - CCALMAMigartion
[ INFO  ] - [  DataUtils:57  ] - [ 2020-04-29 15:37:18 ] - SearchValidation
[ INFO  ] - [  DataUtils:57  ] - [ 2020-04-29 15:37:19 ] - CES120PageValidation
[ INFO  ] - [  DataUtils:57  ] - [ 2020-04-29 15:37:19 ] - ScoopPageValidation
[ INFO  ] - [  DataUtils:57  ] - [ 2020-04-29 15:37:19 ] - MyShoppingList
[ INFO  ] - [  DataUtils:57  ] - [ 2020-04-29 15:37:19 ] - POPartner
[ INFO  ] - [  DataUtils:57  ] - [ 2020-04-29 15:37:19 ] - CCAConversion
[ INFO  ] - [  DataUtils:57  ] - [ 2020-04-29 15:37:19 ] - CCAOGandMSLConversion
[ INFO  ] - [  DataUtils:57  ] - [ 2020-04-29 15:37:19 ] - TextVerificationOnPage
[ INFO  ] - [  DataUtils:57  ] - [ 2020-04-29 15:37:19 ] - InvoicesAndPayments
[ INFO  ] - [  DataUtils:57  ] - [ 2020-04-29 15:37:19 ] - MigrationHomePageOrderStatus
[ INFO  ] - [  DataUtils:57  ] - [ 2020-04-29 15:37:19 ] - MigrationTest
[ INFO  ] - [  DataUtils:57  ] - [ 2020-04-29 15:37:19 ] - HealthCheck
[ INFO  ] - [  DataUtils:57  ] - [ 2020-04-29 15:37:19 ] - NormalOrderHealthCheck
[ INFO  ] - [  DataUtils:57  ] - [ 2020-04-29 15:37:19 ] - ReviewOrderPage
[ INFO  ] - [  DataUtils:57  ] - [ 2020-04-29 15:37:19 ] - CCAPartnerConfiguration
[ INFO  ] - [  DataUtils:57  ] - [ 2020-04-29 15:37:19 ] - DeepLinkValidation
[ INFO  ] - [  DataUtils:57  ] - [ 2020-04-29 15:37:19 ] - FSALink
[ INFO  ] - [  AppUtil:635  ] - [ 2020-04-29 15:39:14 ] - Data load sucessfully { STOS_Reports.xml }
[ INFO  ] - [  AppUtil:126  ] - [ 2020-04-29 15:39:14 ] - Your current IP address : LP-5CD809BB4K/192.168.1.16
[ INFO  ] - [  AppUtil:127  ] - [ 2020-04-29 15:39:14 ] - Your current Hostname : LP-5CD809BB4K
[ INFO  ] - [  AppUtil:128  ] - [ 2020-04-29 15:39:14 ] - Your current Canonical Address : LP-5CD809BB4K.HCLT.CORP.HCL.IN
[ INFO  ] - [  c.h.u.s.DownloadReportsService:251  ] - [ 2020-04-29 15:39:14 ] - Saving consolidate report(s)=>reports\ecom-consolidate\STOS_Reports.html
[ INFO  ] - [  c.h.u.STOSAutomationSuite:50  ] - [ 2020-04-29 18:27:01 ] - Starting STOSAutomationSuite on LP-5CD809BB4K with PID 9736 (C:\Workspace\eclipse-workspace\stos\target\classes started by intakhabalam.s in C:\Workspace\eclipse-workspace\stos)
[ INFO  ] - [  c.h.u.STOSAutomationSuite:648  ] - [ 2020-04-29 18:27:01 ] - No active profile set, falling back to default profiles: default
[ INFO  ] - [  o.s.b.d.e.DevToolsPropertyDefaultsPostProcessor:225  ] - [ 2020-04-29 18:27:02 ] - Devtools property defaults active! Set 'spring.devtools.add-properties' to 'false' to disable
[ INFO  ] - [  o.s.b.d.e.DevToolsPropertyDefaultsPostProcessor:225  ] - [ 2020-04-29 18:27:02 ] - For additional web related logging consider setting the 'logging.level.web' property to 'DEBUG'
[ INFO  ] - [  o.s.d.r.c.RepositoryConfigurationDelegate:127  ] - [ 2020-04-29 18:27:10 ] - Bootstrapping Spring Data JPA repositories in DEFAULT mode.
[ INFO  ] - [  o.s.d.r.c.RepositoryConfigurationDelegate:185  ] - [ 2020-04-29 18:27:10 ] - Finished Spring Data repository scanning in 327ms. Found 5 JPA repository interfaces.
[ INFO  ] - [  o.s.c.s.PostProcessorRegistrationDelegate$BeanPostProcessorChecker:330  ] - [ 2020-04-29 18:27:12 ] - Bean 'org.springframework.transaction.annotation.ProxyTransactionManagementConfiguration' of type [org.springframework.transaction.annotation.ProxyTransactionManagementConfiguration$$EnhancerBySpringCGLIB$$4070b810] is not eligible for getting processed by all BeanPostProcessors (for example: not eligible for auto-proxying)
[ INFO  ] - [  o.s.c.s.PostProcessorRegistrationDelegate$BeanPostProcessorChecker:330  ] - [ 2020-04-29 18:27:12 ] - Bean 'org.springframework.hateoas.config.HateoasConfiguration' of type [org.springframework.hateoas.config.HateoasConfiguration$$EnhancerBySpringCGLIB$$bff10542] is not eligible for getting processed by all BeanPostProcessors (for example: not eligible for auto-proxying)
[ INFO  ] - [  o.s.b.w.e.t.TomcatWebServer:90  ] - [ 2020-04-29 18:27:15 ] - Tomcat initialized with port(s): 6100 (http)
[ INFO  ] - [  o.a.c.c.StandardService:173  ] - [ 2020-04-29 18:27:15 ] - Starting service [Tomcat]
[ INFO  ] - [  o.a.c.c.StandardEngine:173  ] - [ 2020-04-29 18:27:15 ] - Starting Servlet engine: [Apache Tomcat/9.0.29]
[ INFO  ] - [  o.a.j.s.TldScanner:173  ] - [ 2020-04-29 18:27:17 ] - At least one JAR was scanned for TLDs yet contained no TLDs. Enable debug logging for this logger for a complete list of JARs that were scanned but no TLDs were found in them. Skipping unneeded JARs during scanning can improve startup time and JSP compilation time.
[ INFO  ] - [  o.a.c.c.C.[.[.[/]:173  ] - [ 2020-04-29 18:27:17 ] - Initializing Spring embedded WebApplicationContext
[ INFO  ] - [  o.s.w.c.ContextLoader:284  ] - [ 2020-04-29 18:27:17 ] - Root WebApplicationContext: initialization completed in 15423 ms
[ INFO  ] - [  c.z.h.HikariDataSource:110  ] - [ 2020-04-29 18:27:19 ] - HikariPool-1 - Starting...
[ INFO  ] - [  c.z.h.HikariDataSource:123  ] - [ 2020-04-29 18:27:19 ] - HikariPool-1 - Start completed.
[ INFO  ] - [  o.h.j.i.u.LogHelper:31  ] - [ 2020-04-29 18:27:20 ] - HHH000204: Processing PersistenceUnitInfo [
	name: default
	...]
[ INFO  ] - [  o.h.Version:46  ] - [ 2020-04-29 18:27:20 ] - HHH000412: Hibernate Core {5.3.14.Final}
[ INFO  ] - [  o.h.c.Environment:213  ] - [ 2020-04-29 18:27:20 ] - HHH000206: hibernate.properties not found
[ WARN  ] - [  o.h.o.deprecation:58  ] - [ 2020-04-29 18:27:21 ] - HHH020100: The Ehcache second-level cache provider for Hibernate is deprecated.  See https://hibernate.atlassian.net/browse/HHH-12441 for details.
[ INFO  ] - [  o.h.a.c.Version:49  ] - [ 2020-04-29 18:27:21 ] - HCANN000001: Hibernate Commons Annotations {5.0.4.Final}
[ INFO  ] - [  o.h.d.Dialect:157  ] - [ 2020-04-29 18:27:22 ] - HHH000400: Using dialect: org.hibernate.dialect.H2Dialect
[ WARN  ] - [  n.s.e.c.ConfigurationFactory:136  ] - [ 2020-04-29 18:27:23 ] - No configuration found. Configuring ehcache from ehcache-failsafe.xml  found in the classpath: jar:file:/C:/Users/intakhabalam.s/.m2/repository/net/sf/ehcache/ehcache/2.10.6/ehcache-2.10.6.jar!/ehcache-failsafe.xml
[ WARN  ] - [  o.h.o.cache:153  ] - [ 2020-04-29 18:27:23 ] - HHH90001006: Missing cache[default-update-timestamps-region] was created on-the-fly. The created cache will use a provider-specific default configuration: make sure you defined one. You can disable this warning by setting 'hibernate.cache.ehcache.missing_cache_strategy' to 'create'.
[ WARN  ] - [  o.h.o.cache:153  ] - [ 2020-04-29 18:27:24 ] - HHH90001006: Missing cache[default-query-results-region] was created on-the-fly. The created cache will use a provider-specific default configuration: make sure you defined one. You can disable this warning by setting 'hibernate.cache.ehcache.missing_cache_strategy' to 'create'.
[ WARN  ] - [  o.h.o.cache:153  ] - [ 2020-04-29 18:27:24 ] - HHH90001006: Missing cache[com.hcl.usf.domain.TCSettings] was created on-the-fly. The created cache will use a provider-specific default configuration: make sure you defined one. You can disable this warning by setting 'hibernate.cache.ehcache.missing_cache_strategy' to 'create'.
[ WARN  ] - [  o.h.o.cache:153  ] - [ 2020-04-29 18:27:24 ] - HHH90001006: Missing cache[com.hcl.usf.domain.User] was created on-the-fly. The created cache will use a provider-specific default configuration: make sure you defined one. You can disable this warning by setting 'hibernate.cache.ehcache.missing_cache_strategy' to 'create'.
[ WARN  ] - [  o.h.o.cache:153  ] - [ 2020-04-29 18:27:24 ] - HHH90001006: Missing cache[com.hcl.usf.domain.ReportsTC] was created on-the-fly. The created cache will use a provider-specific default configuration: make sure you defined one. You can disable this warning by setting 'hibernate.cache.ehcache.missing_cache_strategy' to 'create'.
[ WARN  ] - [  o.h.o.cache:153  ] - [ 2020-04-29 18:27:24 ] - HHH90001006: Missing cache[com.hcl.usf.domain.RegisterTC] was created on-the-fly. The created cache will use a provider-specific default configuration: make sure you defined one. You can disable this warning by setting 'hibernate.cache.ehcache.missing_cache_strategy' to 'create'.
[ WARN  ] - [  o.h.o.cache:153  ] - [ 2020-04-29 18:27:24 ] - HHH90001006: Missing cache[com.hcl.usf.domain.GroupSuite] was created on-the-fly. The created cache will use a provider-specific default configuration: make sure you defined one. You can disable this warning by setting 'hibernate.cache.ehcache.missing_cache_strategy' to 'create'.
[ WARN  ] - [  o.h.o.cache:153  ] - [ 2020-04-29 18:27:24 ] - HHH90001006: Missing cache[com.hcl.usf.domain.GroupSuiteTC] was created on-the-fly. The created cache will use a provider-specific default configuration: make sure you defined one. You can disable this warning by setting 'hibernate.cache.ehcache.missing_cache_strategy' to 'create'.
[ INFO  ] - [  o.s.o.j.LocalContainerEntityManagerFactoryBean:416  ] - [ 2020-04-29 18:27:26 ] - Initialized JPA EntityManagerFactory for persistence unit 'default'
[ INFO  ] - [  o.s.b.d.a.OptionalLiveReloadServer:57  ] - [ 2020-04-29 18:27:26 ] - LiveReload server is running on port 35729
[ INFO  ] - [  o.h.h.i.QueryTranslatorFactoryInitiator:47  ] - [ 2020-04-29 18:27:27 ] - HHH000397: Using ASTQueryTranslatorFactory
[ WARN  ] - [  o.s.b.a.o.j.JpaBaseConfiguration$JpaWebConfiguration$JpaWebMvcConfiguration:226  ] - [ 2020-04-29 18:27:31 ] - spring.jpa.open-in-view is enabled by default. Therefore, database queries may be performed during view rendering. Explicitly configure spring.jpa.open-in-view to disable this warning
[ INFO  ] - [  s.d.s.w.PropertySourcedRequestMappingHandlerMapping:69  ] - [ 2020-04-29 18:27:32 ] - Mapped URL path [/v2/api-docs] onto method [public org.springframework.http.ResponseEntity<springfox.documentation.spring.web.json.Json> springfox.documentation.swagger2.web.Swagger2Controller.getDocumentation(java.lang.String,javax.servlet.http.HttpServletRequest)]
[ INFO  ] - [  o.s.s.c.ThreadPoolTaskExecutor:171  ] - [ 2020-04-29 18:27:32 ] - Initializing ExecutorService 'applicationTaskExecutor'
[ WARN  ] - [  o.s.b.a.f.FreeMarkerAutoConfiguration:67  ] - [ 2020-04-29 18:27:34 ] - Cannot find template location(s): [classpath:/templates/] (please add some templates, check your FreeMarker configuration, or set spring.freemarker.checkTemplateLocation=false)
[ INFO  ] - [  o.q.i.StdSchedulerFactory:1220  ] - [ 2020-04-29 18:27:34 ] - Using default implementation for ThreadExecutor
[ INFO  ] - [  o.q.c.SchedulerSignalerImpl:61  ] - [ 2020-04-29 18:27:34 ] - Initialized Scheduler Signaller of type: class org.quartz.core.SchedulerSignalerImpl
[ INFO  ] - [  o.q.c.QuartzScheduler:229  ] - [ 2020-04-29 18:27:34 ] - Quartz Scheduler v.2.3.2 created.
[ INFO  ] - [  o.q.s.RAMJobStore:155  ] - [ 2020-04-29 18:27:34 ] - RAMJobStore initialized.
[ INFO  ] - [  o.q.c.QuartzScheduler:294  ] - [ 2020-04-29 18:27:34 ] - Scheduler meta-data: Quartz Scheduler (v2.3.2) 'quartzScheduler' with instanceId 'NON_CLUSTERED'
  Scheduler class: 'org.quartz.core.QuartzScheduler' - running locally.
  NOT STARTED.
  Currently in standby mode.
  Number of jobs executed: 0
  Using thread pool 'org.quartz.simpl.SimpleThreadPool' - with 10 threads.
  Using job-store 'org.quartz.simpl.RAMJobStore' - which does not support persistence. and is not clustered.

[ INFO  ] - [  o.q.i.StdSchedulerFactory:1374  ] - [ 2020-04-29 18:27:34 ] - Quartz scheduler 'quartzScheduler' initialized from an externally provided properties instance.
[ INFO  ] - [  o.q.i.StdSchedulerFactory:1378  ] - [ 2020-04-29 18:27:34 ] - Quartz scheduler version: 2.3.2
[ INFO  ] - [  o.q.c.QuartzScheduler:2293  ] - [ 2020-04-29 18:27:34 ] - JobFactory set to: org.springframework.scheduling.quartz.SpringBeanJobFactory@65afa6b1
[ INFO  ] - [  o.s.s.c.ThreadPoolTaskScheduler:171  ] - [ 2020-04-29 18:27:35 ] - Initializing ExecutorService 'taskScheduler'
[ INFO  ] - [  s.d.s.w.p.DocumentationPluginsBootstrapper:160  ] - [ 2020-04-29 18:27:35 ] - Context refreshed
[ INFO  ] - [  s.d.s.w.p.DocumentationPluginsBootstrapper:163  ] - [ 2020-04-29 18:27:35 ] - Found 1 custom documentation plugin(s)
[ INFO  ] - [  s.d.s.w.s.ApiListingReferenceScanner:41  ] - [ 2020-04-29 18:27:35 ] - Scanning for api listing references
[ INFO  ] - [  o.s.s.q.SchedulerFactoryBean:727  ] - [ 2020-04-29 18:27:36 ] - Starting Quartz Scheduler now
[ INFO  ] - [  o.q.c.QuartzScheduler:547  ] - [ 2020-04-29 18:27:36 ] - Scheduler quartzScheduler_$_NON_CLUSTERED started.
[ INFO  ] - [  o.s.b.w.e.t.TomcatWebServer:202  ] - [ 2020-04-29 18:27:36 ] - Tomcat started on port(s): 6100 (http) with context path ''
[ INFO  ] - [  c.h.u.STOSAutomationSuite:59  ] - [ 2020-04-29 18:27:36 ] - Started STOSAutomationSuite in 53.379 seconds (JVM running for 75.637)
[ INFO  ] - [  o.a.c.c.C.[.[.[/]:173  ] - [ 2020-04-29 18:27:38 ] - Initializing Spring DispatcherServlet 'dispatcherServlet'
[ INFO  ] - [  o.s.w.s.DispatcherServlet:525  ] - [ 2020-04-29 18:27:38 ] - Initializing Servlet 'dispatcherServlet'
[ INFO  ] - [  o.s.w.s.DispatcherServlet:547  ] - [ 2020-04-29 18:27:38 ] - Completed initialization in 81 ms
[ INFO  ] - [  o.q.c.QuartzScheduler:585  ] - [ 2020-04-29 18:41:29 ] - Scheduler quartzScheduler_$_NON_CLUSTERED paused.
[ INFO  ] - [  o.s.s.c.ThreadPoolTaskScheduler:208  ] - [ 2020-04-29 18:41:29 ] - Shutting down ExecutorService 'taskScheduler'
[ INFO  ] - [  o.s.s.q.SchedulerFactoryBean:845  ] - [ 2020-04-29 18:41:29 ] - Shutting down Quartz Scheduler
[ INFO  ] - [  o.q.c.QuartzScheduler:666  ] - [ 2020-04-29 18:41:29 ] - Scheduler quartzScheduler_$_NON_CLUSTERED shutting down.
[ INFO  ] - [  o.q.c.QuartzScheduler:585  ] - [ 2020-04-29 18:41:29 ] - Scheduler quartzScheduler_$_NON_CLUSTERED paused.
[ INFO  ] - [  o.q.c.QuartzScheduler:740  ] - [ 2020-04-29 18:41:29 ] - Scheduler quartzScheduler_$_NON_CLUSTERED shutdown complete.
[ INFO  ] - [  o.s.s.c.ThreadPoolTaskExecutor:208  ] - [ 2020-04-29 18:41:29 ] - Shutting down ExecutorService 'applicationTaskExecutor'
[ INFO  ] - [  o.s.o.j.LocalContainerEntityManagerFactoryBean:598  ] - [ 2020-04-29 18:41:29 ] - Closing JPA EntityManagerFactory for persistence unit 'default'
[ INFO  ] - [  c.z.h.HikariDataSource:350  ] - [ 2020-04-29 18:41:30 ] - HikariPool-1 - Shutdown initiated...
[ INFO  ] - [  c.z.h.HikariDataSource:352  ] - [ 2020-04-29 18:41:30 ] - HikariPool-1 - Shutdown completed.
[ INFO  ] - [  c.h.u.STOSAutomationSuite:50  ] - [ 2020-04-29 18:41:31 ] - Starting STOSAutomationSuite on LP-5CD809BB4K with PID 9736 (C:\Workspace\eclipse-workspace\stos\target\classes started by intakhabalam.s in C:\Workspace\eclipse-workspace\stos)
[ INFO  ] - [  c.h.u.STOSAutomationSuite:648  ] - [ 2020-04-29 18:41:31 ] - No active profile set, falling back to default profiles: default
[ INFO  ] - [  o.s.d.r.c.RepositoryConfigurationDelegate:127  ] - [ 2020-04-29 18:41:38 ] - Bootstrapping Spring Data JPA repositories in DEFAULT mode.
[ INFO  ] - [  o.s.d.r.c.RepositoryConfigurationDelegate:185  ] - [ 2020-04-29 18:41:38 ] - Finished Spring Data repository scanning in 391ms. Found 5 JPA repository interfaces.
[ INFO  ] - [  o.s.c.s.PostProcessorRegistrationDelegate$BeanPostProcessorChecker:330  ] - [ 2020-04-29 18:41:39 ] - Bean 'org.springframework.transaction.annotation.ProxyTransactionManagementConfiguration' of type [org.springframework.transaction.annotation.ProxyTransactionManagementConfiguration$$EnhancerBySpringCGLIB$$4070b810] is not eligible for getting processed by all BeanPostProcessors (for example: not eligible for auto-proxying)
[ INFO  ] - [  o.s.c.s.PostProcessorRegistrationDelegate$BeanPostProcessorChecker:330  ] - [ 2020-04-29 18:41:39 ] - Bean 'org.springframework.hateoas.config.HateoasConfiguration' of type [org.springframework.hateoas.config.HateoasConfiguration$$EnhancerBySpringCGLIB$$bff10542] is not eligible for getting processed by all BeanPostProcessors (for example: not eligible for auto-proxying)
[ INFO  ] - [  o.s.b.w.e.t.TomcatWebServer:90  ] - [ 2020-04-29 18:41:41 ] - Tomcat initialized with port(s): 6100 (http)
[ INFO  ] - [  o.a.c.c.StandardService:173  ] - [ 2020-04-29 18:41:41 ] - Starting service [Tomcat]
[ INFO  ] - [  o.a.c.c.StandardEngine:173  ] - [ 2020-04-29 18:41:41 ] - Starting Servlet engine: [Apache Tomcat/9.0.29]
[ INFO  ] - [  o.a.j.s.TldScanner:173  ] - [ 2020-04-29 18:41:42 ] - At least one JAR was scanned for TLDs yet contained no TLDs. Enable debug logging for this logger for a complete list of JARs that were scanned but no TLDs were found in them. Skipping unneeded JARs during scanning can improve startup time and JSP compilation time.
[ INFO  ] - [  o.a.c.c.C.[.[.[/]:173  ] - [ 2020-04-29 18:41:42 ] - Initializing Spring embedded WebApplicationContext
[ INFO  ] - [  o.s.w.c.ContextLoader:284  ] - [ 2020-04-29 18:41:42 ] - Root WebApplicationContext: initialization completed in 11341 ms
[ INFO  ] - [  c.z.h.HikariDataSource:110  ] - [ 2020-04-29 18:41:43 ] - HikariPool-2 - Starting...
[ INFO  ] - [  c.z.h.HikariDataSource:123  ] - [ 2020-04-29 18:41:43 ] - HikariPool-2 - Start completed.
[ INFO  ] - [  o.h.j.i.u.LogHelper:31  ] - [ 2020-04-29 18:41:43 ] - HHH000204: Processing PersistenceUnitInfo [
	name: default
	...]
[ WARN  ] - [  o.h.o.deprecation:58  ] - [ 2020-04-29 18:41:43 ] - HHH020100: The Ehcache second-level cache provider for Hibernate is deprecated.  See https://hibernate.atlassian.net/browse/HHH-12441 for details.
[ INFO  ] - [  o.h.d.Dialect:157  ] - [ 2020-04-29 18:41:44 ] - HHH000400: Using dialect: org.hibernate.dialect.H2Dialect
[ WARN  ] - [  n.s.e.c.ConfigurationFactory:136  ] - [ 2020-04-29 18:41:44 ] - No configuration found. Configuring ehcache from ehcache-failsafe.xml  found in the classpath: jar:file:/C:/Users/intakhabalam.s/.m2/repository/net/sf/ehcache/ehcache/2.10.6/ehcache-2.10.6.jar!/ehcache-failsafe.xml
[ WARN  ] - [  o.h.o.cache:153  ] - [ 2020-04-29 18:41:44 ] - HHH90001006: Missing cache[default-update-timestamps-region] was created on-the-fly. The created cache will use a provider-specific default configuration: make sure you defined one. You can disable this warning by setting 'hibernate.cache.ehcache.missing_cache_strategy' to 'create'.
[ WARN  ] - [  o.h.o.cache:153  ] - [ 2020-04-29 18:41:44 ] - HHH90001006: Missing cache[default-query-results-region] was created on-the-fly. The created cache will use a provider-specific default configuration: make sure you defined one. You can disable this warning by setting 'hibernate.cache.ehcache.missing_cache_strategy' to 'create'.
[ WARN  ] - [  o.h.o.cache:153  ] - [ 2020-04-29 18:41:44 ] - HHH90001006: Missing cache[com.hcl.usf.domain.ReportsTC] was created on-the-fly. The created cache will use a provider-specific default configuration: make sure you defined one. You can disable this warning by setting 'hibernate.cache.ehcache.missing_cache_strategy' to 'create'.
[ WARN  ] - [  o.h.o.cache:153  ] - [ 2020-04-29 18:41:44 ] - HHH90001006: Missing cache[com.hcl.usf.domain.RegisterTC] was created on-the-fly. The created cache will use a provider-specific default configuration: make sure you defined one. You can disable this warning by setting 'hibernate.cache.ehcache.missing_cache_strategy' to 'create'.
[ WARN  ] - [  o.h.o.cache:153  ] - [ 2020-04-29 18:41:44 ] - HHH90001006: Missing cache[com.hcl.usf.domain.GroupSuite] was created on-the-fly. The created cache will use a provider-specific default configuration: make sure you defined one. You can disable this warning by setting 'hibernate.cache.ehcache.missing_cache_strategy' to 'create'.
[ WARN  ] - [  o.h.o.cache:153  ] - [ 2020-04-29 18:41:44 ] - HHH90001006: Missing cache[com.hcl.usf.domain.User] was created on-the-fly. The created cache will use a provider-specific default configuration: make sure you defined one. You can disable this warning by setting 'hibernate.cache.ehcache.missing_cache_strategy' to 'create'.
[ WARN  ] - [  o.h.o.cache:153  ] - [ 2020-04-29 18:41:44 ] - HHH90001006: Missing cache[com.hcl.usf.domain.GroupSuiteTC] was created on-the-fly. The created cache will use a provider-specific default configuration: make sure you defined one. You can disable this warning by setting 'hibernate.cache.ehcache.missing_cache_strategy' to 'create'.
[ WARN  ] - [  o.h.o.cache:153  ] - [ 2020-04-29 18:41:44 ] - HHH90001006: Missing cache[com.hcl.usf.domain.TCSettings] was created on-the-fly. The created cache will use a provider-specific default configuration: make sure you defined one. You can disable this warning by setting 'hibernate.cache.ehcache.missing_cache_strategy' to 'create'.
[ INFO  ] - [  o.s.o.j.LocalContainerEntityManagerFactoryBean:416  ] - [ 2020-04-29 18:41:45 ] - Initialized JPA EntityManagerFactory for persistence unit 'default'
[ INFO  ] - [  o.s.b.d.a.OptionalLiveReloadServer:57  ] - [ 2020-04-29 18:41:45 ] - LiveReload server is running on port 35729
[ INFO  ] - [  o.h.h.i.QueryTranslatorFactoryInitiator:47  ] - [ 2020-04-29 18:41:45 ] - HHH000397: Using ASTQueryTranslatorFactory
[ WARN  ] - [  o.s.b.a.o.j.JpaBaseConfiguration$JpaWebConfiguration$JpaWebMvcConfiguration:226  ] - [ 2020-04-29 18:41:46 ] - spring.jpa.open-in-view is enabled by default. Therefore, database queries may be performed during view rendering. Explicitly configure spring.jpa.open-in-view to disable this warning
[ INFO  ] - [  s.d.s.w.PropertySourcedRequestMappingHandlerMapping:69  ] - [ 2020-04-29 18:41:47 ] - Mapped URL path [/v2/api-docs] onto method [public org.springframework.http.ResponseEntity<springfox.documentation.spring.web.json.Json> springfox.documentation.swagger2.web.Swagger2Controller.getDocumentation(java.lang.String,javax.servlet.http.HttpServletRequest)]
[ INFO  ] - [  o.s.s.c.ThreadPoolTaskExecutor:171  ] - [ 2020-04-29 18:41:47 ] - Initializing ExecutorService 'applicationTaskExecutor'
[ WARN  ] - [  o.s.b.a.f.FreeMarkerAutoConfiguration:67  ] - [ 2020-04-29 18:41:47 ] - Cannot find template location(s): [classpath:/templates/] (please add some templates, check your FreeMarker configuration, or set spring.freemarker.checkTemplateLocation=false)
[ INFO  ] - [  o.q.i.StdSchedulerFactory:1220  ] - [ 2020-04-29 18:41:48 ] - Using default implementation for ThreadExecutor
[ INFO  ] - [  o.q.c.SchedulerSignalerImpl:61  ] - [ 2020-04-29 18:41:48 ] - Initialized Scheduler Signaller of type: class org.quartz.core.SchedulerSignalerImpl
[ INFO  ] - [  o.q.c.QuartzScheduler:229  ] - [ 2020-04-29 18:41:48 ] - Quartz Scheduler v.2.3.2 created.
[ INFO  ] - [  o.q.s.RAMJobStore:155  ] - [ 2020-04-29 18:41:48 ] - RAMJobStore initialized.
[ INFO  ] - [  o.q.c.QuartzScheduler:294  ] - [ 2020-04-29 18:41:48 ] - Scheduler meta-data: Quartz Scheduler (v2.3.2) 'quartzScheduler' with instanceId 'NON_CLUSTERED'
  Scheduler class: 'org.quartz.core.QuartzScheduler' - running locally.
  NOT STARTED.
  Currently in standby mode.
  Number of jobs executed: 0
  Using thread pool 'org.quartz.simpl.SimpleThreadPool' - with 10 threads.
  Using job-store 'org.quartz.simpl.RAMJobStore' - which does not support persistence. and is not clustered.

[ INFO  ] - [  o.q.i.StdSchedulerFactory:1374  ] - [ 2020-04-29 18:41:48 ] - Quartz scheduler 'quartzScheduler' initialized from an externally provided properties instance.
[ INFO  ] - [  o.q.i.StdSchedulerFactory:1378  ] - [ 2020-04-29 18:41:48 ] - Quartz scheduler version: 2.3.2
[ INFO  ] - [  o.q.c.QuartzScheduler:2293  ] - [ 2020-04-29 18:41:48 ] - JobFactory set to: org.springframework.scheduling.quartz.SpringBeanJobFactory@7922b170
[ INFO  ] - [  o.s.s.c.ThreadPoolTaskScheduler:171  ] - [ 2020-04-29 18:41:48 ] - Initializing ExecutorService 'taskScheduler'
[ INFO  ] - [  s.d.s.w.p.DocumentationPluginsBootstrapper:160  ] - [ 2020-04-29 18:41:48 ] - Context refreshed
[ INFO  ] - [  s.d.s.w.p.DocumentationPluginsBootstrapper:163  ] - [ 2020-04-29 18:41:48 ] - Found 1 custom documentation plugin(s)
[ INFO  ] - [  s.d.s.w.s.ApiListingReferenceScanner:41  ] - [ 2020-04-29 18:41:48 ] - Scanning for api listing references
[ INFO  ] - [  o.s.s.q.SchedulerFactoryBean:727  ] - [ 2020-04-29 18:41:48 ] - Starting Quartz Scheduler now
[ INFO  ] - [  o.q.c.QuartzScheduler:547  ] - [ 2020-04-29 18:41:48 ] - Scheduler quartzScheduler_$_NON_CLUSTERED started.
[ INFO  ] - [  o.s.b.w.e.t.TomcatWebServer:202  ] - [ 2020-04-29 18:41:48 ] - Tomcat started on port(s): 6100 (http) with context path ''
[ INFO  ] - [  c.h.u.STOSAutomationSuite:59  ] - [ 2020-04-29 18:41:48 ] - Started STOSAutomationSuite in 17.388 seconds (JVM running for 927.923)
[ INFO  ] - [  o.s.b.d.a.ConditionEvaluationDeltaLoggingListener:63  ] - [ 2020-04-29 18:41:48 ] - Condition evaluation unchanged
[ INFO  ] - [  o.a.c.c.C.[.[.[/]:173  ] - [ 2020-04-29 18:41:48 ] - Initializing Spring DispatcherServlet 'dispatcherServlet'
[ INFO  ] - [  o.s.w.s.DispatcherServlet:525  ] - [ 2020-04-29 18:41:48 ] - Initializing Servlet 'dispatcherServlet'
[ INFO  ] - [  o.s.w.s.DispatcherServlet:547  ] - [ 2020-04-29 18:41:49 ] - Completed initialization in 18 ms
[ INFO  ] - [  o.q.c.QuartzScheduler:585  ] - [ 2020-04-29 18:45:46 ] - Scheduler quartzScheduler_$_NON_CLUSTERED paused.
[ INFO  ] - [  o.s.s.c.ThreadPoolTaskScheduler:208  ] - [ 2020-04-29 18:45:46 ] - Shutting down ExecutorService 'taskScheduler'
[ INFO  ] - [  o.s.s.q.SchedulerFactoryBean:845  ] - [ 2020-04-29 18:45:46 ] - Shutting down Quartz Scheduler
[ INFO  ] - [  o.q.c.QuartzScheduler:666  ] - [ 2020-04-29 18:45:46 ] - Scheduler quartzScheduler_$_NON_CLUSTERED shutting down.
[ INFO  ] - [  o.q.c.QuartzScheduler:585  ] - [ 2020-04-29 18:45:46 ] - Scheduler quartzScheduler_$_NON_CLUSTERED paused.
[ INFO  ] - [  o.q.c.QuartzScheduler:740  ] - [ 2020-04-29 18:45:46 ] - Scheduler quartzScheduler_$_NON_CLUSTERED shutdown complete.
[ INFO  ] - [  o.s.s.c.ThreadPoolTaskExecutor:208  ] - [ 2020-04-29 18:45:46 ] - Shutting down ExecutorService 'applicationTaskExecutor'
[ INFO  ] - [  o.s.o.j.LocalContainerEntityManagerFactoryBean:598  ] - [ 2020-04-29 18:45:46 ] - Closing JPA EntityManagerFactory for persistence unit 'default'
[ INFO  ] - [  c.z.h.HikariDataSource:350  ] - [ 2020-04-29 18:45:47 ] - HikariPool-2 - Shutdown initiated...
[ INFO  ] - [  c.z.h.HikariDataSource:352  ] - [ 2020-04-29 18:45:47 ] - HikariPool-2 - Shutdown completed.
[ INFO  ] - [  c.h.u.STOSAutomationSuite:50  ] - [ 2020-04-29 18:45:48 ] - Starting STOSAutomationSuite on LP-5CD809BB4K with PID 9736 (C:\Workspace\eclipse-workspace\stos\target\classes started by intakhabalam.s in C:\Workspace\eclipse-workspace\stos)
[ INFO  ] - [  c.h.u.STOSAutomationSuite:648  ] - [ 2020-04-29 18:45:48 ] - No active profile set, falling back to default profiles: default
[ INFO  ] - [  o.s.d.r.c.RepositoryConfigurationDelegate:127  ] - [ 2020-04-29 18:45:54 ] - Bootstrapping Spring Data JPA repositories in DEFAULT mode.
[ INFO  ] - [  o.s.d.r.c.RepositoryConfigurationDelegate:185  ] - [ 2020-04-29 18:45:54 ] - Finished Spring Data repository scanning in 214ms. Found 5 JPA repository interfaces.
[ INFO  ] - [  o.s.c.s.PostProcessorRegistrationDelegate$BeanPostProcessorChecker:330  ] - [ 2020-04-29 18:45:54 ] - Bean 'org.springframework.transaction.annotation.ProxyTransactionManagementConfiguration' of type [org.springframework.transaction.annotation.ProxyTransactionManagementConfiguration$$EnhancerBySpringCGLIB$$4070b810] is not eligible for getting processed by all BeanPostProcessors (for example: not eligible for auto-proxying)
[ INFO  ] - [  o.s.c.s.PostProcessorRegistrationDelegate$BeanPostProcessorChecker:330  ] - [ 2020-04-29 18:45:54 ] - Bean 'org.springframework.hateoas.config.HateoasConfiguration' of type [org.springframework.hateoas.config.HateoasConfiguration$$EnhancerBySpringCGLIB$$bff10542] is not eligible for getting processed by all BeanPostProcessors (for example: not eligible for auto-proxying)
[ INFO  ] - [  o.s.b.w.e.t.TomcatWebServer:90  ] - [ 2020-04-29 18:45:57 ] - Tomcat initialized with port(s): 6100 (http)
[ INFO  ] - [  o.a.c.c.StandardService:173  ] - [ 2020-04-29 18:45:57 ] - Starting service [Tomcat]
[ INFO  ] - [  o.a.c.c.StandardEngine:173  ] - [ 2020-04-29 18:45:57 ] - Starting Servlet engine: [Apache Tomcat/9.0.29]
[ INFO  ] - [  o.a.j.s.TldScanner:173  ] - [ 2020-04-29 18:45:59 ] - At least one JAR was scanned for TLDs yet contained no TLDs. Enable debug logging for this logger for a complete list of JARs that were scanned but no TLDs were found in them. Skipping unneeded JARs during scanning can improve startup time and JSP compilation time.
[ INFO  ] - [  o.a.c.c.C.[.[.[/]:173  ] - [ 2020-04-29 18:45:59 ] - Initializing Spring embedded WebApplicationContext
[ INFO  ] - [  o.s.w.c.ContextLoader:284  ] - [ 2020-04-29 18:45:59 ] - Root WebApplicationContext: initialization completed in 10483 ms
[ INFO  ] - [  c.z.h.HikariDataSource:110  ] - [ 2020-04-29 18:45:59 ] - HikariPool-3 - Starting...
[ INFO  ] - [  c.z.h.HikariDataSource:123  ] - [ 2020-04-29 18:45:59 ] - HikariPool-3 - Start completed.
[ INFO  ] - [  o.h.j.i.u.LogHelper:31  ] - [ 2020-04-29 18:45:59 ] - HHH000204: Processing PersistenceUnitInfo [
	name: default
	...]
[ WARN  ] - [  o.h.o.deprecation:58  ] - [ 2020-04-29 18:45:59 ] - HHH020100: The Ehcache second-level cache provider for Hibernate is deprecated.  See https://hibernate.atlassian.net/browse/HHH-12441 for details.
[ INFO  ] - [  o.h.d.Dialect:157  ] - [ 2020-04-29 18:45:59 ] - HHH000400: Using dialect: org.hibernate.dialect.H2Dialect
[ WARN  ] - [  n.s.e.c.ConfigurationFactory:136  ] - [ 2020-04-29 18:45:59 ] - No configuration found. Configuring ehcache from ehcache-failsafe.xml  found in the classpath: jar:file:/C:/Users/intakhabalam.s/.m2/repository/net/sf/ehcache/ehcache/2.10.6/ehcache-2.10.6.jar!/ehcache-failsafe.xml
[ WARN  ] - [  o.h.o.cache:153  ] - [ 2020-04-29 18:45:59 ] - HHH90001006: Missing cache[default-update-timestamps-region] was created on-the-fly. The created cache will use a provider-specific default configuration: make sure you defined one. You can disable this warning by setting 'hibernate.cache.ehcache.missing_cache_strategy' to 'create'.
[ WARN  ] - [  o.h.o.cache:153  ] - [ 2020-04-29 18:46:00 ] - HHH90001006: Missing cache[default-query-results-region] was created on-the-fly. The created cache will use a provider-specific default configuration: make sure you defined one. You can disable this warning by setting 'hibernate.cache.ehcache.missing_cache_strategy' to 'create'.
[ WARN  ] - [  o.h.o.cache:153  ] - [ 2020-04-29 18:46:00 ] - HHH90001006: Missing cache[com.hcl.usf.domain.GroupSuite] was created on-the-fly. The created cache will use a provider-specific default configuration: make sure you defined one. You can disable this warning by setting 'hibernate.cache.ehcache.missing_cache_strategy' to 'create'.
[ WARN  ] - [  o.h.o.cache:153  ] - [ 2020-04-29 18:46:00 ] - HHH90001006: Missing cache[com.hcl.usf.domain.GroupSuiteTC] was created on-the-fly. The created cache will use a provider-specific default configuration: make sure you defined one. You can disable this warning by setting 'hibernate.cache.ehcache.missing_cache_strategy' to 'create'.
[ WARN  ] - [  o.h.o.cache:153  ] - [ 2020-04-29 18:46:00 ] - HHH90001006: Missing cache[com.hcl.usf.domain.RegisterTC] was created on-the-fly. The created cache will use a provider-specific default configuration: make sure you defined one. You can disable this warning by setting 'hibernate.cache.ehcache.missing_cache_strategy' to 'create'.
[ WARN  ] - [  o.h.o.cache:153  ] - [ 2020-04-29 18:46:00 ] - HHH90001006: Missing cache[com.hcl.usf.domain.ReportsTC] was created on-the-fly. The created cache will use a provider-specific default configuration: make sure you defined one. You can disable this warning by setting 'hibernate.cache.ehcache.missing_cache_strategy' to 'create'.
[ WARN  ] - [  o.h.o.cache:153  ] - [ 2020-04-29 18:46:00 ] - HHH90001006: Missing cache[com.hcl.usf.domain.User] was created on-the-fly. The created cache will use a provider-specific default configuration: make sure you defined one. You can disable this warning by setting 'hibernate.cache.ehcache.missing_cache_strategy' to 'create'.
[ WARN  ] - [  o.h.o.cache:153  ] - [ 2020-04-29 18:46:00 ] - HHH90001006: Missing cache[com.hcl.usf.domain.TCSettings] was created on-the-fly. The created cache will use a provider-specific default configuration: make sure you defined one. You can disable this warning by setting 'hibernate.cache.ehcache.missing_cache_strategy' to 'create'.
[ INFO  ] - [  o.s.o.j.LocalContainerEntityManagerFactoryBean:416  ] - [ 2020-04-29 18:46:00 ] - Initialized JPA EntityManagerFactory for persistence unit 'default'
[ INFO  ] - [  o.s.b.d.a.OptionalLiveReloadServer:57  ] - [ 2020-04-29 18:46:00 ] - LiveReload server is running on port 35729
[ INFO  ] - [  o.h.h.i.QueryTranslatorFactoryInitiator:47  ] - [ 2020-04-29 18:46:00 ] - HHH000397: Using ASTQueryTranslatorFactory
[ WARN  ] - [  o.s.b.a.o.j.JpaBaseConfiguration$JpaWebConfiguration$JpaWebMvcConfiguration:226  ] - [ 2020-04-29 18:46:02 ] - spring.jpa.open-in-view is enabled by default. Therefore, database queries may be performed during view rendering. Explicitly configure spring.jpa.open-in-view to disable this warning
[ INFO  ] - [  s.d.s.w.PropertySourcedRequestMappingHandlerMapping:69  ] - [ 2020-04-29 18:46:02 ] - Mapped URL path [/v2/api-docs] onto method [public org.springframework.http.ResponseEntity<springfox.documentation.spring.web.json.Json> springfox.documentation.swagger2.web.Swagger2Controller.getDocumentation(java.lang.String,javax.servlet.http.HttpServletRequest)]
[ INFO  ] - [  o.s.s.c.ThreadPoolTaskExecutor:171  ] - [ 2020-04-29 18:46:02 ] - Initializing ExecutorService 'applicationTaskExecutor'
[ WARN  ] - [  o.s.b.a.f.FreeMarkerAutoConfiguration:67  ] - [ 2020-04-29 18:46:03 ] - Cannot find template location(s): [classpath:/templates/] (please add some templates, check your FreeMarker configuration, or set spring.freemarker.checkTemplateLocation=false)
[ INFO  ] - [  o.q.i.StdSchedulerFactory:1220  ] - [ 2020-04-29 18:46:03 ] - Using default implementation for ThreadExecutor
[ INFO  ] - [  o.q.c.SchedulerSignalerImpl:61  ] - [ 2020-04-29 18:46:03 ] - Initialized Scheduler Signaller of type: class org.quartz.core.SchedulerSignalerImpl
[ INFO  ] - [  o.q.c.QuartzScheduler:229  ] - [ 2020-04-29 18:46:03 ] - Quartz Scheduler v.2.3.2 created.
[ INFO  ] - [  o.q.s.RAMJobStore:155  ] - [ 2020-04-29 18:46:03 ] - RAMJobStore initialized.
[ INFO  ] - [  o.q.c.QuartzScheduler:294  ] - [ 2020-04-29 18:46:03 ] - Scheduler meta-data: Quartz Scheduler (v2.3.2) 'quartzScheduler' with instanceId 'NON_CLUSTERED'
  Scheduler class: 'org.quartz.core.QuartzScheduler' - running locally.
  NOT STARTED.
  Currently in standby mode.
  Number of jobs executed: 0
  Using thread pool 'org.quartz.simpl.SimpleThreadPool' - with 10 threads.
  Using job-store 'org.quartz.simpl.RAMJobStore' - which does not support persistence. and is not clustered.

[ INFO  ] - [  o.q.i.StdSchedulerFactory:1374  ] - [ 2020-04-29 18:46:03 ] - Quartz scheduler 'quartzScheduler' initialized from an externally provided properties instance.
[ INFO  ] - [  o.q.i.StdSchedulerFactory:1378  ] - [ 2020-04-29 18:46:03 ] - Quartz scheduler version: 2.3.2
[ INFO  ] - [  o.q.c.QuartzScheduler:2293  ] - [ 2020-04-29 18:46:03 ] - JobFactory set to: org.springframework.scheduling.quartz.SpringBeanJobFactory@36d5c2d0
[ INFO  ] - [  o.s.s.c.ThreadPoolTaskScheduler:171  ] - [ 2020-04-29 18:46:03 ] - Initializing ExecutorService 'taskScheduler'
[ INFO  ] - [  s.d.s.w.p.DocumentationPluginsBootstrapper:160  ] - [ 2020-04-29 18:46:03 ] - Context refreshed
[ INFO  ] - [  s.d.s.w.p.DocumentationPluginsBootstrapper:163  ] - [ 2020-04-29 18:46:03 ] - Found 1 custom documentation plugin(s)
[ INFO  ] - [  s.d.s.w.s.ApiListingReferenceScanner:41  ] - [ 2020-04-29 18:46:03 ] - Scanning for api listing references
[ INFO  ] - [  o.s.s.q.SchedulerFactoryBean:727  ] - [ 2020-04-29 18:46:03 ] - Starting Quartz Scheduler now
[ INFO  ] - [  o.q.c.QuartzScheduler:547  ] - [ 2020-04-29 18:46:03 ] - Scheduler quartzScheduler_$_NON_CLUSTERED started.
[ INFO  ] - [  o.s.b.w.e.t.TomcatWebServer:202  ] - [ 2020-04-29 18:46:04 ] - Tomcat started on port(s): 6100 (http) with context path ''
[ INFO  ] - [  c.h.u.STOSAutomationSuite:59  ] - [ 2020-04-29 18:46:04 ] - Started STOSAutomationSuite in 15.779 seconds (JVM running for 1183.194)
[ INFO  ] - [  o.s.b.d.a.ConditionEvaluationDeltaLoggingListener:63  ] - [ 2020-04-29 18:46:04 ] - Condition evaluation unchanged
[ INFO  ] - [  o.a.c.c.C.[.[.[/]:173  ] - [ 2020-04-29 18:46:04 ] - Initializing Spring DispatcherServlet 'dispatcherServlet'
[ INFO  ] - [  o.s.w.s.DispatcherServlet:525  ] - [ 2020-04-29 18:46:04 ] - Initializing Servlet 'dispatcherServlet'
[ INFO  ] - [  o.s.w.s.DispatcherServlet:547  ] - [ 2020-04-29 18:46:04 ] - Completed initialization in 12 ms
[ INFO  ] - [  c.h.u.c.BatchRunComponent:175  ] - [ 2020-04-29 19:13:00 ] - =======================================================================
[ INFO  ] - [  c.h.u.c.BatchRunComponent:176  ] - [ 2020-04-29 19:13:00 ] - JOB SEQ Starting Time [ 19:13:00.090 ]
[ INFO  ] - [  c.h.u.s.TestRunFactoryService:79  ] - [ 2020-04-29 19:13:00 ] - =======================================================================
[ INFO  ] - [  c.h.u.s.TestRunFactoryService:80  ] - [ 2020-04-29 19:13:00 ] - STOS Command Line TC [NormalOrderHealthCheckTest] Starting Time [ 19:13:00.092 ]
[ INFO  ] - [  c.h.u.s.TestRunFactoryService:27  ] - [ 2020-04-29 19:13:00 ] - Suite starting for :NormalOrderHealthCheckTest
[ INFO  ] - [  excu:91  ] - [ 2020-04-29 19:13:00 ] - Setting Thread local session...
[ INFO  ] - [  excu:93  ] - [ 2020-04-29 19:13:00 ] - Init method called...
[ INFO  ] - [  DataUtils:43  ] - [ 2020-04-29 19:13:03 ] - StosData loading...
[ INFO  ] - [  excu:142  ] - [ 2020-04-29 19:13:03 ] - Init Reports method called...
[ INFO  ] - [  excu:152  ] - [ 2020-04-29 19:13:03 ] - Reports Path:reports/ecom-reports/Edge_NormalOrderHealthCheckTest_2020.04.29_19-13-03.html
[ INFO  ] - [  AppUtil:126  ] - [ 2020-04-29 19:13:03 ] - Your current IP address : LP-5CD809BB4K/192.168.1.16
[ INFO  ] - [  AppUtil:127  ] - [ 2020-04-29 19:13:03 ] - Your current Hostname : LP-5CD809BB4K
[ INFO  ] - [  AppUtil:128  ] - [ 2020-04-29 19:13:03 ] - Your current Canonical Address : LP-5CD809BB4K.HCLT.CORP.HCL.IN
[ INFO  ] - [  excu:112  ] - [ 2020-04-29 19:13:03 ] - Init Driver method called...
[ INFO  ] - [  excu:371  ] - [ 2020-04-29 19:13:03 ] - Intializing Edge driver
[ INFO  ] - [  o.o.s.r.ProtocolHandshake:77  ] - [ 2020-04-29 19:13:22 ] - Detected dialect: W3C
[ INFO  ] - [  DataUtils:103  ] - [ 2020-04-29 19:13:22 ] - S.No = 1
[ INFO  ] - [  DataUtils:103  ] - [ 2020-04-29 19:13:22 ] - TYPE_SITE = SIT
[ INFO  ] - [  DataUtils:103  ] - [ 2020-04-29 19:13:22 ] - Run = Yes
[ INFO  ] - [  DataUtils:103  ] - [ 2020-04-29 19:13:22 ] - ScenarioDescription = NormalOrderCreationTestSIT
[ INFO  ] - [  DataUtils:103  ] - [ 2020-04-29 19:13:22 ] - CustomerNo = 33497140
[ INFO  ] - [  DataUtils:103  ] - [ 2020-04-29 19:13:22 ] - DepartmentNo = 0
[ INFO  ] - [  DataUtils:103  ] - [ 2020-04-29 19:13:22 ] - ListName = #AnaSSList
[ INFO  ] - [  DataUtils:103  ] - [ 2020-04-29 19:13:22 ] - Product1 = 6763171
[ INFO  ] - [  DataUtils:103  ] - [ 2020-04-29 19:13:22 ] - URL = https://ecomsit.usfood.com/order
[ INFO  ] - [  DataUtils:103  ] - [ 2020-04-29 19:13:22 ] - UserName = DFTMID4
[ INFO  ] - [  DataUtils:103  ] - [ 2020-04-29 19:13:22 ] - Password = Today123
[ INFO  ] - [  DataUtils:103  ] - [ 2020-04-29 19:13:22 ] - Query = 
[ INFO  ] - [  excu:831  ] - [ 2020-04-29 19:13:22 ] - Sheet name initalizing::NormalOrderHealthCheck
[ INFO  ] - [  excu:831  ] - [ 2020-04-29 19:13:22 ] - Row no::1
[ INFO  ] - [  excu:831  ] - [ 2020-04-29 19:13:22 ] - Test Scenario ::NormalOrderCreationTestSIT
[ INFO  ] - [  AppUtil:126  ] - [ 2020-04-29 19:13:22 ] - Your current IP address : LP-5CD809BB4K/192.168.1.16
[ INFO  ] - [  AppUtil:127  ] - [ 2020-04-29 19:13:22 ] - Your current Hostname : LP-5CD809BB4K
[ INFO  ] - [  AppUtil:128  ] - [ 2020-04-29 19:13:22 ] - Your current Canonical Address : LP-5CD809BB4K.HCLT.CORP.HCL.IN
[ INFO  ] - [  excu:831  ] - [ 2020-04-29 19:13:23 ] - Login steps start
[ INFO  ] - [  excu:831  ] - [ 2020-04-29 19:13:23 ] - Login steps for for parameter check 
[ INFO  ] - [  excu:769  ] - [ 2020-04-29 19:13:23 ] - URL :: https://ecomsit.usfood.com/order
[ INFO  ] - [  excu:686  ] - [ 2020-04-29 19:13:23 ] - URL :: https://ecomsit.usfood.com/order
[ INFO  ] - [  excu:831  ] - [ 2020-04-29 19:13:32 ] - Page on ready state...
[ INFO  ] - [  excu:831  ] - [ 2020-04-29 19:13:33 ] - Finding element xpath => //*[@id="it9::content"]
